# JRE version: OpenJDK Runtime Environment (17.0.11) (build 17.0.11+0--11852314)
# Java VM: OpenJDK 64-Bit Server VM (17.0.11+0--11852314, mixed mode, tiered, compressed oops, compressed class ptrs, g1 gc, windows-amd64)
GC Precious Log:
 CPUs: 12 total, 12 available
 Memory: 15791M
 Large Page Support: Disabled
 NUMA Support: Disabled
 Compressed Oops: Enabled (32-bit)
 Heap Region Size: 1M
 Heap Min Capacity: 8M
 Heap Initial Capacity: 248M
 Heap Max Capacity: 2G
 Pre-touch: Disabled
 Parallel Workers: 10
 Concurrent Workers: 3
 Concurrent Refinement Workers: 10
 Periodic GC: Disabled
Heap:
 garbage-first heap   total 133120K, used 89477K [0x0000000080000000, 0x0000000100000000)
  region size 1024K, 60 young (61440K), 2 survivors (2048K)
 Metaspace       used 49448K, committed 49984K, reserved 1114112K
  class space    used 6648K, committed 6912K, reserved 1048576K
GC Heap History (20 events):
Event: 0.903 GC heap before
{Heap before GC invocations=1 (full 0):
 garbage-first heap   total 253952K, used 39909K [0x0000000080000000, 0x0000000100000000)
  region size 1024K, 32 young (32768K), 3 survivors (3072K)
 Metaspace       used 11761K, committed 11968K, reserved 1114112K
  class space    used 1243K, committed 1344K, reserved 1048576K
}
Event: 0.907 GC heap after
{Heap after GC invocations=2 (full 0):
 garbage-first heap   total 253952K, used 11816K [0x0000000080000000, 0x0000000100000000)
  region size 1024K, 2 young (2048K), 2 survivors (2048K)
 Metaspace       used 11761K, committed 11968K, reserved 1114112K
  class space    used 1243K, committed 1344K, reserved 1048576K
}
Event: 2.040 GC heap before
{Heap before GC invocations=2 (full 0):
 garbage-first heap   total 253952K, used 87592K [0x0000000080000000, 0x0000000100000000)
  region size 1024K, 75 young (76800K), 2 survivors (2048K)
 Metaspace       used 21292K, committed 21504K, reserved 1114112K
  class space    used 2487K, committed 2624K, reserved 1048576K
}
Event: 2.046 GC heap after
{Heap after GC invocations=3 (full 0):
 garbage-first heap   total 253952K, used 20381K [0x0000000080000000, 0x0000000100000000)
  region size 1024K, 9 young (9216K), 9 survivors (9216K)
 Metaspace       used 21292K, committed 21504K, reserved 1114112K
  class space    used 2487K, committed 2624K, reserved 1048576K
}
Event: 2.566 GC heap before
{Heap before GC invocations=4 (full 0):
 garbage-first heap   total 75776K, used 55197K [0x0000000080000000, 0x0000000100000000)
  region size 1024K, 44 young (45056K), 9 survivors (9216K)
 Metaspace       used 26584K, committed 26816K, reserved 1114112K
  class space    used 3365K, committed 3456K, reserved 1048576K
}
Event: 2.570 GC heap after
{Heap after GC invocations=5 (full 0):
 garbage-first heap   total 75776K, used 22504K [0x0000000080000000, 0x0000000100000000)
  region size 1024K, 3 young (3072K), 3 survivors (3072K)
 Metaspace       used 26584K, committed 26816K, reserved 1114112K
  class space    used 3365K, committed 3456K, reserved 1048576K
}
Event: 2.589 GC heap before
{Heap before GC invocations=5 (full 0):
 garbage-first heap   total 75776K, used 23528K [0x0000000080000000, 0x0000000100000000)
  region size 1024K, 4 young (4096K), 3 survivors (3072K)
 Metaspace       used 26684K, committed 26880K, reserved 1114112K
  class space    used 3387K, committed 3456K, reserved 1048576K
}
Event: 2.591 GC heap after
{Heap after GC invocations=6 (full 0):
 garbage-first heap   total 75776K, used 22818K [0x0000000080000000, 0x0000000100000000)
  region size 1024K, 1 young (1024K), 1 survivors (1024K)
 Metaspace       used 26684K, committed 26880K, reserved 1114112K
  class space    used 3387K, committed 3456K, reserved 1048576K
}
Event: 3.097 GC heap before
{Heap before GC invocations=6 (full 0):
 garbage-first heap   total 75776K, used 54562K [0x0000000080000000, 0x0000000100000000)
  region size 1024K, 32 young (32768K), 1 survivors (1024K)
 Metaspace       used 30543K, committed 30912K, reserved 1114112K
  class space    used 4032K, committed 4224K, reserved 1048576K
}
Event: 3.099 GC heap after
{Heap after GC invocations=7 (full 0):
 garbage-first heap   total 75776K, used 24418K [0x0000000080000000, 0x0000000100000000)
  region size 1024K, 3 young (3072K), 3 survivors (3072K)
 Metaspace       used 30543K, committed 30912K, reserved 1114112K
  class space    used 4032K, committed 4224K, reserved 1048576K
}
Event: 3.555 GC heap before
{Heap before GC invocations=7 (full 0):
 garbage-first heap   total 75776K, used 55138K [0x0000000080000000, 0x0000000100000000)
  region size 1024K, 33 young (33792K), 3 survivors (3072K)
 Metaspace       used 34433K, committed 34816K, reserved 1114112K
  class space    used 4671K, committed 4864K, reserved 1048576K
}
Event: 3.557 GC heap after
{Heap after GC invocations=8 (full 0):
 garbage-first heap   total 75776K, used 25690K [0x0000000080000000, 0x0000000100000000)
  region size 1024K, 4 young (4096K), 4 survivors (4096K)
 Metaspace       used 34433K, committed 34816K, reserved 1114112K
  class space    used 4671K, committed 4864K, reserved 1048576K
}
Event: 3.719 GC heap before
{Heap before GC invocations=8 (full 0):
 garbage-first heap   total 75776K, used 36954K [0x0000000080000000, 0x0000000100000000)
  region size 1024K, 16 young (16384K), 4 survivors (4096K)
 Metaspace       used 35738K, committed 36096K, reserved 1114112K
  class space    used 4880K, committed 5056K, reserved 1048576K
}
Event: 3.722 GC heap after
{Heap after GC invocations=9 (full 0):
 garbage-first heap   total 75776K, used 26240K [0x0000000080000000, 0x0000000100000000)
  region size 1024K, 2 young (2048K), 2 survivors (2048K)
 Metaspace       used 35738K, committed 36096K, reserved 1114112K
  class space    used 4880K, committed 5056K, reserved 1048576K
}
Event: 4.144 GC heap before
{Heap before GC invocations=10 (full 0):
 garbage-first heap   total 75776K, used 57984K [0x0000000080000000, 0x0000000100000000)
  region size 1024K, 34 young (34816K), 2 survivors (2048K)
 Metaspace       used 42103K, committed 42496K, reserved 1114112K
  class space    used 5603K, committed 5760K, reserved 1048576K
}
Event: 4.148 GC heap after
{Heap after GC invocations=11 (full 0):
 garbage-first heap   total 75776K, used 29417K [0x0000000080000000, 0x0000000100000000)
  region size 1024K, 5 young (5120K), 5 survivors (5120K)
 Metaspace       used 42103K, committed 42496K, reserved 1114112K
  class space    used 5603K, committed 5760K, reserved 1048576K
}
Event: 4.164 GC heap before
{Heap before GC invocations=11 (full 0):
 garbage-first heap   total 75776K, used 30441K [0x0000000080000000, 0x0000000100000000)
  region size 1024K, 6 young (6144K), 5 survivors (5120K)
 Metaspace       used 42290K, committed 42624K, reserved 1114112K
  class space    used 5618K, committed 5760K, reserved 1048576K
}
Event: 4.167 GC heap after
{Heap after GC invocations=12 (full 0):
 garbage-first heap   total 75776K, used 29073K [0x0000000080000000, 0x0000000100000000)
  region size 1024K, 1 young (1024K), 1 survivors (1024K)
 Metaspace       used 42290K, committed 42624K, reserved 1114112K
  class space    used 5618K, committed 5760K, reserved 1048576K
}
Event: 4.352 GC heap before
{Heap before GC invocations=12 (full 0):
 garbage-first heap   total 75776K, used 58769K [0x0000000080000000, 0x0000000100000000)
  region size 1024K, 30 young (30720K), 1 survivors (1024K)
 Metaspace       used 43354K, committed 43776K, reserved 1114112K
  class space    used 5777K, committed 6016K, reserved 1048576K
}
Event: 4.354 GC heap after
{Heap after GC invocations=13 (full 0):
 garbage-first heap   total 133120K, used 30085K [0x0000000080000000, 0x0000000100000000)
  region size 1024K, 2 young (2048K), 2 survivors (2048K)
 Metaspace       used 43354K, committed 43776K, reserved 1114112K
  class space    used 5777K, committed 6016K, reserved 1048576K
}

