# JRE version: OpenJDK Runtime Environment (17.0.11) (build 17.0.11+0--11852314)
# Java VM: OpenJDK 64-Bit Server VM (17.0.11+0--11852314, mixed mode, tiered, compressed oops, compressed class ptrs, g1 gc, windows-amd64)
GC Precious Log:
 CPUs: 12 total, 12 available
 Memory: 15791M
 Large Page Support: Disabled
 NUMA Support: Disabled
 Compressed Oops: Enabled (32-bit)
 Heap Region Size: 1M
 Heap Min Capacity: 8M
 Heap Initial Capacity: 248M
 Heap Max Capacity: 2G
 Pre-touch: Disabled
 Parallel Workers: 10
 Concurrent Workers: 3
 Concurrent Refinement Workers: 10
 Periodic GC: Disabled
Heap:
 garbage-first heap   total 272384K, used 184143K [0x0000000080000000, 0x0000000100000000)
  region size 1024K, 66 young (67584K), 11 survivors (11264K)
 Metaspace       used 106567K, committed 107392K, reserved 1179648K
  class space    used 14734K, committed 15104K, reserved 1048576K
GC Heap History (20 events):
Event: 7.537 GC heap before
{Heap before GC invocations=27 (full 0):
 garbage-first heap   total 126976K, used 111313K [0x0000000080000000, 0x0000000100000000)
  region size 1024K, 41 young (41984K), 6 survivors (6144K)
 Metaspace       used 64740K, committed 65344K, reserved 1114112K
  class space    used 8833K, committed 9152K, reserved 1048576K
}
Event: 7.541 GC heap after
{Heap after GC invocations=28 (full 0):
 garbage-first heap   total 126976K, used 81656K [0x0000000080000000, 0x0000000100000000)
  region size 1024K, 6 young (6144K), 6 survivors (6144K)
 Metaspace       used 64740K, committed 65344K, reserved 1114112K
  class space    used 8833K, committed 9152K, reserved 1048576K
}
Event: 7.556 GC heap before
{Heap before GC invocations=28 (full 0):
 garbage-first heap   total 126976K, used 82680K [0x0000000080000000, 0x0000000100000000)
  region size 1024K, 7 young (7168K), 6 survivors (6144K)
 Metaspace       used 64784K, committed 65408K, reserved 1114112K
  class space    used 8839K, committed 9152K, reserved 1048576K
}
Event: 7.558 GC heap after
{Heap after GC invocations=29 (full 0):
 garbage-first heap   total 126976K, used 77731K [0x0000000080000000, 0x0000000100000000)
  region size 1024K, 1 young (1024K), 1 survivors (1024K)
 Metaspace       used 64784K, committed 65408K, reserved 1114112K
  class space    used 8839K, committed 9152K, reserved 1048576K
}
Event: 7.904 GC heap before
{Heap before GC invocations=29 (full 0):
 garbage-first heap   total 126976K, used 100259K [0x0000000080000000, 0x0000000100000000)
  region size 1024K, 24 young (24576K), 1 survivors (1024K)
 Metaspace       used 66796K, committed 67456K, reserved 1114112K
  class space    used 9104K, committed 9408K, reserved 1048576K
}
Event: 7.907 GC heap after
{Heap after GC invocations=30 (full 0):
 garbage-first heap   total 272384K, used 78076K [0x0000000080000000, 0x0000000100000000)
  region size 1024K, 1 young (1024K), 1 survivors (1024K)
 Metaspace       used 66796K, committed 67456K, reserved 1114112K
  class space    used 9104K, committed 9408K, reserved 1048576K
}
Event: 9.571 GC heap before
{Heap before GC invocations=31 (full 0):
 garbage-first heap   total 272384K, used 206076K [0x0000000080000000, 0x0000000100000000)
  region size 1024K, 121 young (123904K), 1 survivors (1024K)
 Metaspace       used 77832K, committed 78464K, reserved 1179648K
  class space    used 10546K, committed 10880K, reserved 1048576K
}
Event: 9.577 GC heap after
{Heap after GC invocations=32 (full 0):
 garbage-first heap   total 272384K, used 87240K [0x0000000080000000, 0x0000000100000000)
  region size 1024K, 9 young (9216K), 9 survivors (9216K)
 Metaspace       used 77832K, committed 78464K, reserved 1179648K
  class space    used 10546K, committed 10880K, reserved 1048576K
}
Event: 9.646 GC heap before
{Heap before GC invocations=32 (full 0):
 garbage-first heap   total 272384K, used 95432K [0x0000000080000000, 0x0000000100000000)
  region size 1024K, 13 young (13312K), 9 survivors (9216K)
 Metaspace       used 78121K, committed 78848K, reserved 1179648K
  class space    used 10590K, committed 10944K, reserved 1048576K
}
Event: 9.651 GC heap after
{Heap after GC invocations=33 (full 0):
 garbage-first heap   total 272384K, used 91588K [0x0000000080000000, 0x0000000100000000)
  region size 1024K, 2 young (2048K), 2 survivors (2048K)
 Metaspace       used 78121K, committed 78848K, reserved 1179648K
  class space    used 10590K, committed 10944K, reserved 1048576K
}
Event: 10.987 GC heap before
{Heap before GC invocations=33 (full 0):
 garbage-first heap   total 272384K, used 209348K [0x0000000080000000, 0x0000000100000000)
  region size 1024K, 117 young (119808K), 2 survivors (2048K)
 Metaspace       used 84086K, committed 84736K, reserved 1179648K
  class space    used 11424K, committed 11712K, reserved 1048576K
}
Event: 10.992 GC heap after
{Heap after GC invocations=34 (full 0):
 garbage-first heap   total 272384K, used 98169K [0x0000000080000000, 0x0000000100000000)
  region size 1024K, 8 young (8192K), 8 survivors (8192K)
 Metaspace       used 84086K, committed 84736K, reserved 1179648K
  class space    used 11424K, committed 11712K, reserved 1048576K
}
Event: 12.416 GC heap before
{Heap before GC invocations=34 (full 0):
 garbage-first heap   total 272384K, used 213881K [0x0000000080000000, 0x0000000100000000)
  region size 1024K, 120 young (122880K), 8 survivors (8192K)
 Metaspace       used 92169K, committed 92864K, reserved 1179648K
  class space    used 12790K, committed 13120K, reserved 1048576K
}
Event: 12.421 GC heap after
{Heap after GC invocations=35 (full 0):
 garbage-first heap   total 272384K, used 103172K [0x0000000080000000, 0x0000000100000000)
  region size 1024K, 13 young (13312K), 13 survivors (13312K)
 Metaspace       used 92169K, committed 92864K, reserved 1179648K
  class space    used 12790K, committed 13120K, reserved 1048576K
}
Event: 13.952 GC heap before
{Heap before GC invocations=35 (full 0):
 garbage-first heap   total 272384K, used 216836K [0x0000000080000000, 0x0000000100000000)
  region size 1024K, 124 young (126976K), 13 survivors (13312K)
 Metaspace       used 100950K, committed 101696K, reserved 1179648K
  class space    used 14047K, committed 14400K, reserved 1048576K
}
Event: 13.962 GC heap after
{Heap after GC invocations=36 (full 0):
 garbage-first heap   total 272384K, used 109954K [0x0000000080000000, 0x0000000100000000)
  region size 1024K, 12 young (12288K), 12 survivors (12288K)
 Metaspace       used 100950K, committed 101696K, reserved 1179648K
  class space    used 14047K, committed 14400K, reserved 1048576K
}
Event: 14.874 GC heap before
{Heap before GC invocations=36 (full 0):
 garbage-first heap   total 272384K, used 219522K [0x0000000080000000, 0x0000000100000000)
  region size 1024K, 119 young (121856K), 12 survivors (12288K)
 Metaspace       used 102816K, committed 103616K, reserved 1179648K
  class space    used 14328K, committed 14720K, reserved 1048576K
}
Event: 14.887 GC heap after
{Heap after GC invocations=37 (full 0):
 garbage-first heap   total 272384K, used 118535K [0x0000000080000000, 0x0000000100000000)
  region size 1024K, 15 young (15360K), 15 survivors (15360K)
 Metaspace       used 102816K, committed 103616K, reserved 1179648K
  class space    used 14328K, committed 14720K, reserved 1048576K
}
Event: 15.585 GC heap before
{Heap before GC invocations=37 (full 0):
 garbage-first heap   total 272384K, used 228103K [0x0000000080000000, 0x0000000100000000)
  region size 1024K, 114 young (116736K), 15 survivors (15360K)
 Metaspace       used 105228K, committed 105984K, reserved 1179648K
  class space    used 14582K, committed 14976K, reserved 1048576K
}
Event: 15.596 GC heap after
{Heap after GC invocations=38 (full 0):
 garbage-first heap   total 272384K, used 129871K [0x0000000080000000, 0x0000000100000000)
  region size 1024K, 11 young (11264K), 11 survivors (11264K)
 Metaspace       used 105228K, committed 105984K, reserved 1179648K
  class space    used 14582K, committed 14976K, reserved 1048576K
}

