# JRE version: OpenJDK Runtime Environment (17.0.11) (build 17.0.11+0--11852314)
# Java VM: OpenJDK 64-Bit Server VM (17.0.11+0--11852314, mixed mode, tiered, compressed oops, compressed class ptrs, g1 gc, windows-amd64)
GC Precious Log:
 CPUs: 12 total, 12 available
 Memory: 15791M
 Large Page Support: Disabled
 NUMA Support: Disabled
 Compressed Oops: Enabled (32-bit)
 Heap Region Size: 1M
 Heap Min Capacity: 8M
 Heap Initial Capacity: 248M
 Heap Max Capacity: 2G
 Pre-touch: Disabled
 Parallel Workers: 10
 Concurrent Workers: 3
 Concurrent Refinement Workers: 10
 Periodic GC: Disabled
Heap:
 garbage-first heap   total 95232K, used 50046K [0x0000000080000000, 0x0000000100000000)
  region size 1024K, 11 young (11264K), 5 survivors (5120K)
 Metaspace       used 61504K, committed 62016K, reserved 1114112K
  class space    used 8450K, committed 8704K, reserved 1048576K
GC Heap History (20 events):
Event: 2.325 GC heap before
{Heap before GC invocations=4 (full 0):
 garbage-first heap   total 78848K, used 57103K [0x0000000080000000, 0x0000000100000000)
  region size 1024K, 46 young (47104K), 10 survivors (10240K)
 Metaspace       used 26687K, committed 26944K, reserved 1114112K
  class space    used 3392K, committed 3520K, reserved 1048576K
}
Event: 2.330 GC heap after
{Heap after GC invocations=5 (full 0):
 garbage-first heap   total 78848K, used 23319K [0x0000000080000000, 0x0000000100000000)
  region size 1024K, 3 young (3072K), 3 survivors (3072K)
 Metaspace       used 26687K, committed 26944K, reserved 1114112K
  class space    used 3392K, committed 3520K, reserved 1048576K
}
Event: 2.752 GC heap before
{Heap before GC invocations=5 (full 0):
 garbage-first heap   total 78848K, used 56087K [0x0000000080000000, 0x0000000100000000)
  region size 1024K, 35 young (35840K), 3 survivors (3072K)
 Metaspace       used 30691K, committed 31040K, reserved 1114112K
  class space    used 4057K, committed 4224K, reserved 1048576K
}
Event: 2.754 GC heap after
{Heap after GC invocations=6 (full 0):
 garbage-first heap   total 78848K, used 25018K [0x0000000080000000, 0x0000000100000000)
  region size 1024K, 4 young (4096K), 4 survivors (4096K)
 Metaspace       used 30691K, committed 31040K, reserved 1114112K
  class space    used 4057K, committed 4224K, reserved 1048576K
}
Event: 3.168 GC heap before
{Heap before GC invocations=6 (full 0):
 garbage-first heap   total 78848K, used 58810K [0x0000000080000000, 0x0000000100000000)
  region size 1024K, 37 young (37888K), 4 survivors (4096K)
 Metaspace       used 34862K, committed 35136K, reserved 1114112K
  class space    used 4737K, committed 4864K, reserved 1048576K
}
Event: 3.171 GC heap after
{Heap after GC invocations=7 (full 0):
 garbage-first heap   total 78848K, used 26469K [0x0000000080000000, 0x0000000100000000)
  region size 1024K, 4 young (4096K), 4 survivors (4096K)
 Metaspace       used 34862K, committed 35136K, reserved 1114112K
  class space    used 4737K, committed 4864K, reserved 1048576K
}
Event: 3.235 GC heap before
{Heap before GC invocations=7 (full 0):
 garbage-first heap   total 78848K, used 31589K [0x0000000080000000, 0x0000000100000000)
  region size 1024K, 10 young (10240K), 4 survivors (4096K)
 Metaspace       used 35595K, committed 35968K, reserved 1114112K
  class space    used 4853K, committed 4992K, reserved 1048576K
}
Event: 3.238 GC heap after
{Heap after GC invocations=8 (full 0):
 garbage-first heap   total 78848K, used 26743K [0x0000000080000000, 0x0000000100000000)
  region size 1024K, 2 young (2048K), 2 survivors (2048K)
 Metaspace       used 35595K, committed 35968K, reserved 1114112K
  class space    used 4853K, committed 4992K, reserved 1048576K
}
Event: 3.555 GC heap before
{Heap before GC invocations=9 (full 0):
 garbage-first heap   total 78848K, used 60535K [0x0000000080000000, 0x0000000100000000)
  region size 1024K, 36 young (36864K), 2 survivors (2048K)
 Metaspace       used 42260K, committed 42624K, reserved 1114112K
  class space    used 5618K, committed 5760K, reserved 1048576K
}
Event: 3.557 GC heap after
{Heap after GC invocations=10 (full 0):
 garbage-first heap   total 78848K, used 29924K [0x0000000080000000, 0x0000000100000000)
  region size 1024K, 5 young (5120K), 5 survivors (5120K)
 Metaspace       used 42260K, committed 42624K, reserved 1114112K
  class space    used 5618K, committed 5760K, reserved 1048576K
}
Event: 3.692 GC heap before
{Heap before GC invocations=10 (full 0):
 garbage-first heap   total 78848K, used 60644K [0x0000000080000000, 0x0000000100000000)
  region size 1024K, 35 young (35840K), 5 survivors (5120K)
 Metaspace       used 43318K, committed 43776K, reserved 1114112K
  class space    used 5778K, committed 6016K, reserved 1048576K
}
Event: 3.695 GC heap after
{Heap after GC invocations=11 (full 0):
 garbage-first heap   total 78848K, used 31282K [0x0000000080000000, 0x0000000100000000)
  region size 1024K, 2 young (2048K), 2 survivors (2048K)
 Metaspace       used 43318K, committed 43776K, reserved 1114112K
  class space    used 5778K, committed 6016K, reserved 1048576K
}
Event: 3.944 GC heap before
{Heap before GC invocations=11 (full 0):
 garbage-first heap   total 78848K, used 62002K [0x0000000080000000, 0x0000000100000000)
  region size 1024K, 32 young (32768K), 2 survivors (2048K)
 Metaspace       used 45663K, committed 46144K, reserved 1114112K
  class space    used 6156K, committed 6400K, reserved 1048576K
}
Event: 3.946 GC heap after
{Heap after GC invocations=12 (full 0):
 garbage-first heap   total 95232K, used 33286K [0x0000000080000000, 0x0000000100000000)
  region size 1024K, 4 young (4096K), 4 survivors (4096K)
 Metaspace       used 45663K, committed 46144K, reserved 1114112K
  class space    used 6156K, committed 6400K, reserved 1048576K
}
Event: 4.364 GC heap before
{Heap before GC invocations=12 (full 0):
 garbage-first heap   total 95232K, used 76294K [0x0000000080000000, 0x0000000100000000)
  region size 1024K, 45 young (46080K), 4 survivors (4096K)
 Metaspace       used 51323K, committed 51840K, reserved 1114112K
  class space    used 6912K, committed 7168K, reserved 1048576K
}
Event: 4.367 GC heap after
{Heap after GC invocations=13 (full 0):
 garbage-first heap   total 95232K, used 34656K [0x0000000080000000, 0x0000000100000000)
  region size 1024K, 4 young (4096K), 4 survivors (4096K)
 Metaspace       used 51323K, committed 51840K, reserved 1114112K
  class space    used 6912K, committed 7168K, reserved 1048576K
}
Event: 4.867 GC heap before
{Heap before GC invocations=13 (full 0):
 garbage-first heap   total 95232K, used 74592K [0x0000000080000000, 0x0000000100000000)
  region size 1024K, 44 young (45056K), 4 survivors (4096K)
 Metaspace       used 56291K, committed 56832K, reserved 1114112K
  class space    used 7653K, committed 7872K, reserved 1048576K
}
Event: 4.870 GC heap after
{Heap after GC invocations=14 (full 0):
 garbage-first heap   total 95232K, used 37229K [0x0000000080000000, 0x0000000100000000)
  region size 1024K, 4 young (4096K), 4 survivors (4096K)
 Metaspace       used 56291K, committed 56832K, reserved 1114112K
  class space    used 7653K, committed 7872K, reserved 1048576K
}
Event: 5.331 GC heap before
{Heap before GC invocations=14 (full 0):
 garbage-first heap   total 95232K, used 65901K [0x0000000080000000, 0x0000000100000000)
  region size 1024K, 33 young (33792K), 4 survivors (4096K)
 Metaspace       used 59544K, committed 60096K, reserved 1114112K
  class space    used 8177K, committed 8448K, reserved 1048576K
}
Event: 5.334 GC heap after
{Heap after GC invocations=15 (full 0):
 garbage-first heap   total 95232K, used 38927K [0x0000000080000000, 0x0000000100000000)
  region size 1024K, 5 young (5120K), 5 survivors (5120K)
 Metaspace       used 59544K, committed 60096K, reserved 1114112K
  class space    used 8177K, committed 8448K, reserved 1048576K
}

